Loading configurations ... 
  Configuration file: ./linhalo.conf
  [36;1mPK_INPUT[0m = /home/epfl/variu/phd/voids/chengscodes/linhalo_fix_ampl_CIC/input/EisensteinHu_Pnw.txt
  [36;1mNGRID[0m = 512
  [36;1mBOXSIZE[0m = 2500
  [36;1mSEED[0m = 1001000
  [36;1mNHALO[0m = 6214031
  [36;1mOUTPUT[0m = /home/epfl/variu/phd/voids/chengscodes/linhalo_fix_ampl_CIC/output/halos_G512CIC_BS2500_S1001000_6214031.dat
  [36;1mSAVE_DENS[0m = 0
  [36;1mFORCE[0m = 0
[70C[[32;1mDONE[0m]
Processing the linear power spectrum ... 
  Filename: /home/epfl/variu/phd/voids/chengscodes/linhalo_fix_ampl_CIC/input/EisensteinHu_Pnw.txt
  Counting lines ...  Number of records: 7860.
  Reading ...   7860 valid lines recorded.
  Power spectrum interpolated.
[70C[[32;1mDONE[0m]
  Initialising halos... 
[70C[[32;1mDONE[0m]
  Initialising array of indices for the 49712248 largest density values ... 
[70C[[32;1mDONE[0m]
Generating the density field...   Initialising the density field mesh... 
  The density field is initialised.
1. Up to this point 0.000000 seconds passed.
 The counter is set to zero again.
  Generating Fourier modes ... 
  Density field in Fourier space is generated.
  Executing FFT ... 
  FFT finished successfully.
[70C[[32;1mDONE[0m]
2. Up to this point 9.000000 seconds passed.
 The counter is set to zero again.
Populating the mesh with haloes...  Take the indices of 8Nhalo values from the mesh ... 
 IndexSort the 8Nhalo values from the mesh in ascending order ... 
 Obtain the indices of the 8Nhalo largest values from the mesh ... 
 IndexSort the 8Nhalo LARGEST values from the mesh in descending order... 

The maximum density in the mesh is 11.074898 
The minimum density in the array of 8Nhalo largest values is 0.560504 
 Inverse CIC and populate the mesh with halos ... 
 Start the time counter
 Progress... Halo: 0/6214031 after 0.000000 seconds
 Progress... Halo: 10000/6214031 after 113.000000 seconds
 Progress... Halo: 20000/6214031 after 231.000000 seconds
 Progress... Halo: 30000/6214031 after 350.000000 seconds
 Progress... Halo: 40000/6214031 after 468.000000 seconds
 Progress... Halo: 50000/6214031 after 587.000000 seconds
 Progress... Halo: 60000/6214031 after 708.000000 seconds
 Progress... Halo: 70000/6214031 after 829.000000 seconds
 Progress... Halo: 80000/6214031 after 950.000000 seconds
 Progress... Halo: 90000/6214031 after 1071.000000 seconds
 Progress... Halo: 100000/6214031 after 1192.000000 seconds
 Progress... Halo: 110000/6214031 after 1313.000000 seconds
 Progress... Halo: 120000/6214031 after 1434.000000 seconds
 Progress... Halo: 130000/6214031 after 1557.000000 seconds
 Progress... Halo: 140000/6214031 after 1678.000000 seconds
 Progress... Halo: 150000/6214031 after 1799.000000 seconds
 Progress... Halo: 160000/6214031 after 1921.000000 seconds
 Progress... Halo: 170000/6214031 after 2042.000000 seconds
 Progress... Halo: 180000/6214031 after 2164.000000 seconds
 Progress... Halo: 190000/6214031 after 2286.000000 seconds
 Progress... Halo: 200000/6214031 after 2407.000000 seconds
 Progress... Halo: 210000/6214031 after 2528.000000 seconds
 Progress... Halo: 220000/6214031 after 2649.000000 seconds
 Progress... Halo: 230000/6214031 after 2772.000000 seconds
 Progress... Halo: 240000/6214031 after 2891.000000 seconds
 Progress... Halo: 250000/6214031 after 3013.000000 seconds
 Progress... Halo: 260000/6214031 after 3135.000000 seconds
 Progress... Halo: 270000/6214031 after 3257.000000 seconds
 Progress... Halo: 280000/6214031 after 3377.000000 seconds
 Progress... Halo: 290000/6214031 after 3498.000000 seconds
 Progress... Halo: 300000/6214031 after 3618.000000 seconds
 Progress... Halo: 310000/6214031 after 3739.000000 seconds
 Progress... Halo: 320000/6214031 after 3859.000000 seconds
 Progress... Halo: 330000/6214031 after 3980.000000 seconds
 Progress... Halo: 340000/6214031 after 4102.000000 seconds
 Progress... Halo: 350000/6214031 after 4221.000000 seconds
 Progress... Halo: 360000/6214031 after 4340.000000 seconds
 Progress... Halo: 370000/6214031 after 4459.000000 seconds
 Progress... Halo: 380000/6214031 after 4581.000000 seconds
 Progress... Halo: 390000/6214031 after 4702.000000 seconds
 Progress... Halo: 400000/6214031 after 4823.000000 seconds
 Progress... Halo: 410000/6214031 after 4944.000000 seconds
 Progress... Halo: 420000/6214031 after 5063.000000 seconds
 Progress... Halo: 430000/6214031 after 5182.000000 seconds
 Progress... Halo: 440000/6214031 after 5301.000000 seconds
 Progress... Halo: 450000/6214031 after 5421.000000 seconds
 Progress... Halo: 460000/6214031 after 5539.000000 seconds
 Progress... Halo: 470000/6214031 after 5658.000000 seconds
 Progress... Halo: 480000/6214031 after 5777.000000 seconds
 Progress... Halo: 490000/6214031 after 5895.000000 seconds
 Progress... Halo: 500000/6214031 after 6014.000000 seconds
 Progress... Halo: 510000/6214031 after 6133.000000 seconds
 Progress... Halo: 520000/6214031 after 6251.000000 seconds
 Progress... Halo: 530000/6214031 after 6370.000000 seconds
 Progress... Halo: 540000/6214031 after 6488.000000 seconds
 Progress... Halo: 550000/6214031 after 6607.000000 seconds
 Progress... Halo: 560000/6214031 after 6726.000000 seconds
 Progress... Halo: 570000/6214031 after 6844.000000 seconds
 Progress... Halo: 580000/6214031 after 6962.000000 seconds
 Progress... Halo: 590000/6214031 after 7081.000000 seconds
 Progress... Halo: 600000/6214031 after 7198.000000 seconds
 Progress... Halo: 610000/6214031 after 7314.000000 seconds
 Progress... Halo: 620000/6214031 after 7432.000000 seconds
 Progress... Halo: 630000/6214031 after 7549.000000 seconds
 Progress... Halo: 640000/6214031 after 7665.000000 seconds
 Progress... Halo: 650000/6214031 after 7783.000000 seconds
 Progress... Halo: 660000/6214031 after 7900.000000 seconds
 Progress... Halo: 670000/6214031 after 8016.000000 seconds
 Progress... Halo: 680000/6214031 after 8133.000000 seconds
 Progress... Halo: 690000/6214031 after 8248.000000 seconds
 Progress... Halo: 700000/6214031 after 8364.000000 seconds
 Progress... Halo: 710000/6214031 after 8481.000000 seconds
 Progress... Halo: 720000/6214031 after 8596.000000 seconds
 Progress... Halo: 730000/6214031 after 8711.000000 seconds
 Progress... Halo: 740000/6214031 after 8826.000000 seconds
 Progress... Halo: 750000/6214031 after 8942.000000 seconds
 Progress... Halo: 760000/6214031 after 9057.000000 seconds
 Progress... Halo: 770000/6214031 after 9172.000000 seconds
 Progress... Halo: 780000/6214031 after 9288.000000 seconds
 Progress... Halo: 790000/6214031 after 9403.000000 seconds
 Progress... Halo: 800000/6214031 after 9519.000000 seconds
 Progress... Halo: 810000/6214031 after 9633.000000 seconds
 Progress... Halo: 820000/6214031 after 9747.000000 seconds
 Progress... Halo: 830000/6214031 after 9861.000000 seconds
 Progress... Halo: 840000/6214031 after 9974.000000 seconds
 Progress... Halo: 850000/6214031 after 10088.000000 seconds
 Progress... Halo: 860000/6214031 after 10204.000000 seconds
 Progress... Halo: 870000/6214031 after 10317.000000 seconds
 Progress... Halo: 880000/6214031 after 10431.000000 seconds
 Progress... Halo: 890000/6214031 after 10543.000000 seconds
 Progress... Halo: 900000/6214031 after 10656.000000 seconds
 Progress... Halo: 910000/6214031 after 10770.000000 seconds
 Progress... Halo: 920000/6214031 after 10882.000000 seconds
 Progress... Halo: 930000/6214031 after 10995.000000 seconds
 Progress... Halo: 940000/6214031 after 11107.000000 seconds
 Progress... Halo: 950000/6214031 after 11220.000000 seconds
 Progress... Halo: 960000/6214031 after 11332.000000 seconds
 Progress... Halo: 970000/6214031 after 11444.000000 seconds
 Progress... Halo: 980000/6214031 after 11555.000000 seconds
 Progress... Halo: 990000/6214031 after 11668.000000 seconds
 Progress... Halo: 1000000/6214031 after 11780.000000 seconds
 Progress... Halo: 1010000/6214031 after 11890.000000 seconds
 Progress... Halo: 1020000/6214031 after 12002.000000 seconds
 Progress... Halo: 1030000/6214031 after 12114.000000 seconds
 Progress... Halo: 1040000/6214031 after 12226.000000 seconds
 Progress... Halo: 1050000/6214031 after 12336.000000 seconds
 Progress... Halo: 1060000/6214031 after 12447.000000 seconds
 Progress... Halo: 1070000/6214031 after 12557.000000 seconds
 Progress... Halo: 1080000/6214031 after 12668.000000 seconds
 Progress... Halo: 1090000/6214031 after 12778.000000 seconds
 Progress... Halo: 1100000/6214031 after 12890.000000 seconds
 Progress... Halo: 1110000/6214031 after 12999.000000 seconds
 Progress... Halo: 1120000/6214031 after 13109.000000 seconds
 Progress... Halo: 1130000/6214031 after 13218.000000 seconds
 Progress... Halo: 1140000/6214031 after 13327.000000 seconds
 Progress... Halo: 1150000/6214031 after 13436.000000 seconds
 Progress... Halo: 1160000/6214031 after 13544.000000 seconds
 Progress... Halo: 1170000/6214031 after 13653.000000 seconds
 Progress... Halo: 1180000/6214031 after 13762.000000 seconds
 Progress... Halo: 1190000/6214031 after 13870.000000 seconds
 Progress... Halo: 1200000/6214031 after 13978.000000 seconds
 Progress... Halo: 1210000/6214031 after 14086.000000 seconds
 Progress... Halo: 1220000/6214031 after 14195.000000 seconds
 Progress... Halo: 1230000/6214031 after 14303.000000 seconds
 Progress... Halo: 1240000/6214031 after 14411.000000 seconds
 Progress... Halo: 1250000/6214031 after 14520.000000 seconds
 Progress... Halo: 1260000/6214031 after 14627.000000 seconds
 Progress... Halo: 1270000/6214031 after 14733.000000 seconds
 Progress... Halo: 1280000/6214031 after 14839.000000 seconds
 Progress... Halo: 1290000/6214031 after 14944.000000 seconds
 Progress... Halo: 1300000/6214031 after 15051.000000 seconds
 Progress... Halo: 1310000/6214031 after 15158.000000 seconds
 Progress... Halo: 1320000/6214031 after 15264.000000 seconds
 Progress... Halo: 1330000/6214031 after 15370.000000 seconds
 Progress... Halo: 1340000/6214031 after 15476.000000 seconds
 Progress... Halo: 1350000/6214031 after 15583.000000 seconds
 Progress... Halo: 1360000/6214031 after 15687.000000 seconds
 Progress... Halo: 1370000/6214031 after 15793.000000 seconds
 Progress... Halo: 1380000/6214031 after 15899.000000 seconds
 Progress... Halo: 1390000/6214031 after 16003.000000 seconds
 Progress... Halo: 1400000/6214031 after 16108.000000 seconds
 Progress... Halo: 1410000/6214031 after 16213.000000 seconds
 Progress... Halo: 1420000/6214031 after 16317.000000 seconds
 Progress... Halo: 1430000/6214031 after 16421.000000 seconds
 Progress... Halo: 1440000/6214031 after 16525.000000 seconds
 Progress... Halo: 1450000/6214031 after 16629.000000 seconds
 Progress... Halo: 1460000/6214031 after 16733.000000 seconds
 Progress... Halo: 1470000/6214031 after 16837.000000 seconds
 Progress... Halo: 1480000/6214031 after 16940.000000 seconds
 Progress... Halo: 1490000/6214031 after 17042.000000 seconds
 Progress... Halo: 1500000/6214031 after 17145.000000 seconds
 Progress... Halo: 1510000/6214031 after 17247.000000 seconds
 Progress... Halo: 1520000/6214031 after 17349.000000 seconds
 Progress... Halo: 1530000/6214031 after 17452.000000 seconds
 Progress... Halo: 1540000/6214031 after 17554.000000 seconds
 Progress... Halo: 1550000/6214031 after 17657.000000 seconds
 Progress... Halo: 1560000/6214031 after 17759.000000 seconds
 Progress... Halo: 1570000/6214031 after 17860.000000 seconds
 Progress... Halo: 1580000/6214031 after 17962.000000 seconds
 Progress... Halo: 1590000/6214031 after 18064.000000 seconds
 Progress... Halo: 1600000/6214031 after 18165.000000 seconds
 Progress... Halo: 1610000/6214031 after 18265.000000 seconds
 Progress... Halo: 1620000/6214031 after 18365.000000 seconds
 Progress... Halo: 1630000/6214031 after 18465.000000 seconds
 Progress... Halo: 1640000/6214031 after 18566.000000 seconds
 Progress... Halo: 1650000/6214031 after 18668.000000 seconds